<?xml version="1.0" encoding="UTF-8"?>
<!-- Generated by org.testng.reporters.JUnitXMLReporter -->
<testsuite ignored="0" hostname="DESKTOP-UDECO0U" failures="0" tests="7" name="Test" time="10.685" errors="0" timestamp="2023-02-05T14:31:28 IST">
  <testcase classname="com.restapi.tests.PostRequestTests" name="postTestUsingPojo" time="7.568"/>
  <testcase classname="com.restapi.tests.PostRequestTests" name="postRequestUsingExternalFile" time="0.131"/>
  <testcase classname="com.restapi.tests.PostRequestTests" name="postRequestUsingExternalFile1" time="0.103"/>
  <testcase classname="com.restapi.tests.GetRequestTests" name="getEmployeesDetails" time="0.684"/>
  <testcase classname="com.restapi.tests.GetRequestTests" name="getEmployeeDetail" time="1.815"/>
  <testcase classname="com.restapi.tests.GetRequestTests" name="getEmployeeDetail" time="0.116"/>
  <testcase classname="com.restapi.tests.GetRequestTests" name="getEmployeeDetail" time="0.099"/>
</testsuite> <!-- Test -->
