<?xml version="1.0" encoding="UTF-8"?>
<testng-results ignored="0" total="7" passed="7" failed="0" skipped="0">
  <reporter-output>
  </reporter-output>
  <suite started-at="2023-02-05T14:31:17 IST" name="REST API Automation" finished-at="2023-02-05T14:31:28 IST" duration-ms="10685">
    <groups>
    </groups>
    <test started-at="2023-02-05T14:31:17 IST" name="Test" finished-at="2023-02-05T14:31:28 IST" duration-ms="10685">
      <class name="com.restapi.tests.PostRequestTests">
        <test-method signature="postTestUsingPojo()[pri:0, instance:com.restapi.tests.PostRequestTests@15aab8c6]" started-at="2023-02-05T14:31:17 IST" name="postTestUsingPojo" finished-at="2023-02-05T14:31:25 IST" duration-ms="7568" status="PASS">
          <reporter-output>
          </reporter-output>
        </test-method> <!-- postTestUsingPojo -->
        <test-method signature="postRequestUsingExternalFile(java.lang.reflect.Method)[pri:0, instance:com.restapi.tests.PostRequestTests@15aab8c6]" started-at="2023-02-05T14:31:25 IST" name="postRequestUsingExternalFile" finished-at="2023-02-05T14:31:25 IST" duration-ms="131" status="PASS">
          <params>
            <param index="0">
              <value>
                <![CDATA[public void com.restapi.tests.PostRequestTests.postRequestUsingExternalFile(java.lang.reflect.Method) throws java.io.IOException]]>
              </value>
            </param>
          </params>
          <reporter-output>
          </reporter-output>
        </test-method> <!-- postRequestUsingExternalFile -->
        <test-method signature="postRequestUsingExternalFile1(java.lang.reflect.Method)[pri:0, instance:com.restapi.tests.PostRequestTests@15aab8c6]" started-at="2023-02-05T14:31:25 IST" name="postRequestUsingExternalFile1" finished-at="2023-02-05T14:31:25 IST" duration-ms="103" status="PASS">
          <params>
            <param index="0">
              <value>
                <![CDATA[public void com.restapi.tests.PostRequestTests.postRequestUsingExternalFile1(java.lang.reflect.Method) throws java.io.IOException]]>
              </value>
            </param>
          </params>
          <reporter-output>
          </reporter-output>
        </test-method> <!-- postRequestUsingExternalFile1 -->
      </class> <!-- com.restapi.tests.PostRequestTests -->
      <class name="com.restapi.tests.GetRequestTests">
        <test-method signature="getEmployeesDetails()[pri:0, instance:com.restapi.tests.GetRequestTests@1b1426f4]" started-at="2023-02-05T14:31:25 IST" name="getEmployeesDetails" finished-at="2023-02-05T14:31:26 IST" duration-ms="684" status="PASS">
          <reporter-output>
          </reporter-output>
        </test-method> <!-- getEmployeesDetails -->
        <test-method signature="getEmployeeDetail(java.lang.Integer,java.lang.String)[pri:0, instance:com.restapi.tests.GetRequestTests@1b1426f4]" started-at="2023-02-05T14:31:26 IST" name="getEmployeeDetail" data-provider="getData" finished-at="2023-02-05T14:31:28 IST" duration-ms="1815" status="PASS">
          <params>
            <param index="0">
              <value>
                <![CDATA[2]]>
              </value>
            </param>
            <param index="1">
              <value>
                <![CDATA[Palmer]]>
              </value>
            </param>
          </params>
          <reporter-output>
          </reporter-output>
        </test-method> <!-- getEmployeeDetail -->
        <test-method signature="getEmployeeDetail(java.lang.Integer,java.lang.String)[pri:0, instance:com.restapi.tests.GetRequestTests@1b1426f4]" started-at="2023-02-05T14:31:28 IST" name="getEmployeeDetail" data-provider="getData" finished-at="2023-02-05T14:31:28 IST" duration-ms="116" status="PASS">
          <params>
            <param index="0">
              <value>
                <![CDATA[1]]>
              </value>
            </param>
            <param index="1">
              <value>
                <![CDATA[Eschweiler]]>
              </value>
            </param>
          </params>
          <reporter-output>
          </reporter-output>
        </test-method> <!-- getEmployeeDetail -->
        <test-method signature="getEmployeeDetail(java.lang.Integer,java.lang.String)[pri:0, instance:com.restapi.tests.GetRequestTests@1b1426f4]" started-at="2023-02-05T14:31:28 IST" name="getEmployeeDetail" data-provider="getData" finished-at="2023-02-05T14:31:28 IST" duration-ms="99" status="PASS">
          <params>
            <param index="0">
              <value>
                <![CDATA[3]]>
              </value>
            </param>
            <param index="1">
              <value>
                <![CDATA[Smith]]>
              </value>
            </param>
          </params>
          <reporter-output>
          </reporter-output>
        </test-method> <!-- getEmployeeDetail -->
      </class> <!-- com.restapi.tests.GetRequestTests -->
    </test> <!-- Test -->
  </suite> <!-- REST API Automation -->
</testng-results>
